\BOOKMARK [1][-]{section.1}{\376\377\137\025\212\000\000\040\000\050\000I\000n\000t\000r\000o\000d\000u\000c\000t\000i\000o\000n\000\051}{}% 1
\BOOKMARK [1][-]{section.2}{\376\377\166\370\121\163\135\345\117\134\000\040\000\050\000R\000e\000l\000a\000t\000e\000d\000\040\000W\000o\000r\000k\000\051}{}% 2
\BOOKMARK [2][-]{subsection.2.1}{\376\377\000U\000-\000N\000e\000t\000\040\147\266\147\204}{section.2}% 3
\BOOKMARK [2][-]{subsection.2.2}{\376\377\000R\000e\000L\000U\000\040\157\300\155\073\121\375\145\160}{section.2}% 4
\BOOKMARK [2][-]{subsection.2.3}{\376\377\123\330\122\006\201\352\177\026\170\001\126\150\000\040\000\050\000V\000a\000r\000i\000a\000t\000i\000o\000n\000a\000l\000\040\000A\000u\000t\000o\000e\000n\000c\000o\000d\000e\000r\000,\000\040\000V\000A\000E\000\051}{section.2}% 5
\BOOKMARK [1][-]{section.3}{\376\377\000D\000D\000P\000M\000\040\150\070\137\303\123\237\164\006}{}% 6
\BOOKMARK [2][-]{subsection.3.1}{\376\377\122\115\124\021\217\307\172\013\000\040\000\050\000F\000o\000r\000w\000a\000r\000d\000\040\000P\000r\000o\000c\000e\000s\000s\000\051}{section.3}% 7
\BOOKMARK [2][-]{subsection.3.2}{\376\377\220\006\124\021\217\307\172\013\000\040\000\050\000R\000e\000v\000e\000r\000s\000e\000\040\000P\000r\000o\000c\000e\000s\000s\000\051}{section.3}% 8
\BOOKMARK [2][-]{subsection.3.3}{\376\377\143\137\131\061\121\375\145\160\000\040\000\050\000L\000o\000s\000s\000\040\000F\000u\000n\000c\000t\000i\000o\000n\000\051}{section.3}% 9
\BOOKMARK [2][-]{subsection.3.4}{\376\377\221\307\150\067\217\307\172\013\000\040\000\050\000S\000a\000m\000p\000l\000i\000n\000g\000\040\000P\000r\000o\000c\000e\000s\000s\000\051}{section.3}% 10
\BOOKMARK [2][-]{subsection.3.5}{\376\377\145\271\135\356\210\150\124\214\123\302\145\160\123\026\220\011\142\351\000\040\000\050\000V\000a\000r\000i\000a\000n\000c\000e\000\040\000S\000c\000h\000e\000d\000u\000l\000e\000\040\000a\000n\000d\000\040\000P\000a\000r\000a\000m\000e\000t\000e\000r\000i\000z\000a\000t\000i\000o\000n\000\051}{section.3}% 11
\BOOKMARK [2][-]{subsection.3.6}{\376\377\147\141\116\366\165\037\142\020\000\040\000\050\000C\000o\000n\000d\000i\000t\000i\000o\000n\000a\000l\000\040\000G\000e\000n\000e\000r\000a\000t\000i\000o\000n\000\051}{section.3}% 12
\BOOKMARK [1][-]{section.4}{\376\377\000E\000x\000p\000e\000r\000i\000m\000e\000n\000t}{}% 13
\BOOKMARK [2][-]{subsection.4.1}{\376\377\145\160\143\156\226\306\377\010\000D\000a\000t\000a\000s\000e\000t\377\011}{section.4}% 14
\BOOKMARK [2][-]{subsection.4.2}{\376\377\000R\000e\000p\000r\000o\000d\000u\000c\000t\000i\000o\000n}{section.4}% 15
\BOOKMARK [2][-]{subsection.4.3}{\376\377\000R\000e\000w\000r\000i\000t\000e\000\040\000T\000r\000a\000i\000n\000i\000n\000g\000\040\000C\000o\000d\000e}{section.4}% 16
\BOOKMARK [2][-]{subsection.4.4}{\376\377\000O\000p\000t\000i\000m\000i\000z\000e\000d\000\040\000T\000r\000a\000i\000n\000i\000n\000g}{section.4}% 17
\BOOKMARK [2][-]{subsection.4.5}{\376\377\000L\000a\000r\000g\000e\000r\000\040\000p\000i\000c\000t\000u\000r\000e\000\040\000s\000i\000z\000e}{section.4}% 18
\BOOKMARK [2][-]{subsection.4.6}{\376\377\000I\000m\000p\000l\000e\000m\000e\000n\000t\000i\000n\000g\000\040\000M\000o\000d\000e\000l\000\040\000o\000n\000\040\000d\000i\000f\000f\000u\000s\000e\000r\000s}{section.4}% 19
\BOOKMARK [3][-]{subsubsection.4.6.1}{\376\377\150\106\147\266\151\202\217\360}{subsection.4.6}% 20
\BOOKMARK [3][-]{subsubsection.4.6.2}{\376\377\150\070\137\303\176\304\116\366\133\236\163\260}{subsection.4.6}% 21
\BOOKMARK [3][-]{subsubsection.4.6.3}{\376\377\145\160\143\156\226\306\133\236\163\260}{subsection.4.6}% 22
\BOOKMARK [3][-]{subsubsection.4.6.4}{\376\377\221\115\177\156\174\373\176\337}{subsection.4.6}% 23
\BOOKMARK [3][-]{subsubsection.4.6.5}{\376\377\213\255\176\303\133\236\163\260}{subsection.4.6}% 24
\BOOKMARK [3][-]{subsubsection.4.6.6}{\376\377\143\250\164\006\133\236\163\260}{subsection.4.6}% 25
\BOOKMARK [3][-]{subsubsection.4.6.7}{\376\377\135\345\172\013\133\236\215\365\116\016\117\030\123\026}{subsection.4.6}% 26
\BOOKMARK [3][-]{subsubsection.4.6.8}{\376\377\117\235\215\126\173\241\164\006}{subsection.4.6}% 27
\BOOKMARK [2][-]{subsection.4.7}{\376\377\000I\000m\000p\000l\000e\000m\000e\000n\000t\000i\000n\000g\000\040\000M\000o\000d\000e\000l\000\040\000o\000n\000\040\000p\000y\000T\000o\000r\000c\000h}{section.4}% 28
\BOOKMARK [3][-]{subsubsection.4.7.1}{\376\377\152\041\127\213\147\266\147\204\133\236\163\260}{subsection.4.7}% 29
\BOOKMARK [3][-]{subsubsection.4.7.2}{\376\377\213\255\176\303\217\307\172\013\133\236\163\260}{subsection.4.7}% 30
\BOOKMARK [3][-]{subsubsection.4.7.3}{\376\377\221\307\150\067\217\307\172\013\133\236\163\260}{subsection.4.7}% 31
\BOOKMARK [3][-]{subsubsection.4.7.4}{\376\377\116\343\170\001\117\030\123\026\116\016\135\345\172\013\133\236\215\365}{subsection.4.7}% 32
\BOOKMARK [3][-]{subsubsection.4.7.5}{\376\377\221\115\177\156\174\373\176\337}{subsection.4.7}% 33
\BOOKMARK [3][-]{subsubsection.4.7.6}{\376\377\143\250\164\006\143\245\123\343}{subsection.4.7}% 34
\BOOKMARK [1][-]{section.5}{\376\377\000R\000e\000s\000u\000l\000t\000s}{}% 35
\BOOKMARK [1][-]{section.6}{\376\377\000C\000o\000n\000c\000l\000u\000s\000i\000o\000n}{}% 36
\BOOKMARK [1][-]{section.7}{\376\377\000R\000e\000f\000e\000r\000e\000n\000c\000e\000s}{}% 37
\BOOKMARK [2][-]{subsection.7.1}{\376\377\133\230\145\271\133\236\163\260}{section.7}% 38
\BOOKMARK [2][-]{subsection.7.2}{\376\377\123\132\133\242\116\016\145\131\172\013}{section.7}% 39
\BOOKMARK [2][-]{subsection.7.3}{\376\377\137\000\156\220\116\343\170\001\136\223}{section.7}% 40
\BOOKMARK [2][-]{subsection.7.4}{\376\377\166\370\121\163\135\345\117\134}{section.7}% 41
